<?xml version="1.0" encoding="UTF-8"?>
<!-- Generated by org.testng.reporters.JUnitReportReporter -->
<testsuite skipped="0" hostname="DESKTOP-O0KLTCN" name="com.test.Second_Class_Suite" tests="1" failures="0" timestamp="26 May 2020 14:32:22 GMT" time="6.992" errors="0">
  <testcase name="suite_test" time="6.992" classname="com.test.Second_Class_Suite"/>
</testsuite> <!-- com.test.Second_Class_Suite -->
