<?xml version="1.0" encoding="UTF-8"?>
<!-- Generated by org.testng.reporters.JUnitReportReporter -->
<testsuite skipped="0" hostname="DESKTOP-O0KLTCN" name="com.test.Run_Test" tests="1" failures="0" timestamp="26 May 2020 14:32:22 GMT" time="20.365" errors="0">
  <testcase name="testgooglrsearch" time="20.365" classname="com.test.Run_Test"/>
</testsuite> <!-- com.test.Run_Test -->
