<?xml version="1.0" encoding="UTF-8"?>
<!-- Generated by org.testng.reporters.JUnitReportReporter -->
<testsuite hostname="Kaibalya" name="Jenkins.JenkinSelenium" tests="1" failures="0" timestamp="12 Jun 2018 19:46:43 GMT" time="55.018" errors="0">
  <testcase name="Jenkins" time="55.018" classname="Jenkins.JenkinSelenium"/>
</testsuite> <!-- Jenkins.JenkinSelenium -->
