<?xml version="1.0" encoding="UTF-8"?>
<!-- Generated by org.testng.reporters.JUnitReportReporter -->
<testsuite hostname="Kaibalya" name="Jenkins.JenkinsDemo" tests="1" failures="0" timestamp="12 Jun 2018 19:46:42 GMT" time="87.851" errors="1">
  <testcase name="testJenkins" time="87.851" classname="Jenkins.JenkinsDemo">
    <error type="org.openqa.selenium.WebDriverException" message="Failed to connect to binary FirefoxBinary(C:\Program Files (x86)\Mozilla Firefox\firefox.exe) on port 7055; process output follows: 
17844	DeferredSave.extensions.json	DEBUG	Save changes
1528832717845	addons.xpi	DEBUG	Updating XPIState for {&quot;id&quot;:&quot;fxdriver@googlecode.com&quot;,&quot;syncGUID&quot;:&quot;yRrfou6i81dU&quot;,&quot;location&quot;:&quot;app-profile&quot;,&quot;version&quot;:&quot;2.53.1&quot;,&quot;type&quot;:&quot;extension&quot;,&quot;internalName&quot;:null,&quot;updateURL&quot;:null,&quot;updateKey&quot;:null,&quot;optionsURL&quot;:null,&quot;optionsType&quot;:null,&quot;aboutURL&quot;:null,&quot;iconURL&quot;:null,&quot;icon64URL&quot;:null,&quot;defaultLocale&quot;:{&quot;name&quot;:&quot;Firefox WebDriver&quot;,&quot;description&quot;:&quot;WebDriver implementation for Firefox&quot;,&quot;creator&quot;:&quot;Simon Stewart&quot;,&quot;homepageURL&quot;:null},&quot;visible&quot;:true,&quot;active&quot;:true,&quot;userDisabled&quot;:false,&quot;appDisabled&quot;:false,&quot;descriptor&quot;:&quot;C:\\Windows\\TEMP\\anonymous2347438617641381213webdriver-profile\\extensions\\fxdriver@googlecode.com&quot;,&quot;installDate&quot;:1528832681017,&quot;updateDate&quot;:1528832681017,&quot;applyBackgroundUpdates&quot;:1,&quot;bootstrap&quot;:false,&quot;size&quot;:3249525,&quot;sourceURI&quot;:null,&quot;releaseNotesURI&quot;:null,&quot;softDisabled&quot;:false,&quot;foreignInstall&quot;:true,&quot;hasBinaryComponents&quot;:true,&quot;strictCompatibility&quot;:false,&quot;locales&quot;:[],&quot;targetApplications&quot;:[{&quot;id&quot;:&quot;{ec8030f7-c20a-464f-9b0e-13a3a9e97384}&quot;,&quot;minVersion&quot;:&quot;3.0&quot;,&quot;maxVersion&quot;:&quot;48.0&quot;}],&quot;targetPlatforms&quot;:[{&quot;os&quot;:&quot;Darwin&quot;,&quot;abi&quot;:null},{&quot;os&quot;:&quot;SunOS&quot;,&quot;abi&quot;:null},{&quot;os&quot;:&quot;FreeBSD&quot;,&quot;abi&quot;:null},{&quot;os&quot;:&quot;OpenBSD&quot;,&quot;abi&quot;:null},{&quot;os&quot;:&quot;WINNT&quot;,&quot;abi&quot;:null},{&quot;os&quot;:&quot;Linux&quot;,&quot;abi&quot;:null}],&quot;multiprocessCompatible&quot;:false,&quot;signedState&quot;:0}
1528832717845	addons.xpi	DEBUG	getModTime: Recursive scan of fxdriver@googlecode.com
1528832717854	addons.xpi	DEBUG	New add-on {972ce4c6-7e08-4474-a285-3208198ce6fd} installed in app-global
1528832717862	DeferredSave.extensions.json	DEBUG	Starting timer
1528832717864	addons.xpi-utils	DEBUG	Make addon app-global:{972ce4c6-7e08-4474-a285-3208198ce6fd} visible
1528832717864	DeferredSave.extensions.json	DEBUG	Save changes
1528832717864	DeferredSave.extensions.json	DEBUG	Save changes
1528832717864	addons.xpi	DEBUG	Updating XPIState for {&quot;id&quot;:&quot;{972ce4c6-7e08-4474-a285-3208198ce6fd}&quot;,&quot;syncGUID&quot;:&quot;8Idt17rkZ7J7&quot;,&quot;location&quot;:&quot;app-global&quot;,&quot;version&quot;:&quot;41.0&quot;,&quot;type&quot;:&quot;theme&quot;,&quot;internalName&quot;:&quot;classic/1.0&quot;,&quot;updateURL&quot;:null,&quot;updateKey&quot;:null,&quot;optionsURL&quot;:null,&quot;optionsType&quot;:null,&quot;aboutURL&quot;:null,&quot;iconURL&quot;:null,&quot;icon64URL&quot;:null,&quot;defaultLocale&quot;:{&quot;name&quot;:&quot;Default&quot;,&quot;description&quot;:&quot;The default theme.&quot;,&quot;creator&quot;:&quot;Mozilla&quot;,&quot;homepageURL&quot;:null,&quot;contributors&quot;:[&quot;Mozilla Contributors&quot;]},&quot;visible&quot;:true,&quot;active&quot;:true,&quot;userDisabled&quot;:false,&quot;appDisabled&quot;:false,&quot;descriptor&quot;:&quot;C:\\Program Files (x86)\\Mozilla Firefox\\browser\\extensions\\{972ce4c6-7e08-4474-a285-3208198ce6fd}&quot;,&quot;installDate&quot;:1520852221814,&quot;updateDate&quot;:1520852221814,&quot;applyBackgroundUpdates&quot;:1,&quot;skinnable&quot;:true,&quot;size&quot;:22981,&quot;sourceURI&quot;:null,&quot;releaseNotesURI&quot;:null,&quot;softDisabled&quot;:false,&quot;foreignInstall&quot;:false,&quot;hasBinaryComponents&quot;:false,&quot;strictCompatibility&quot;:true,&quot;locales&quot;:[],&quot;targetApplications&quot;:[{&quot;id&quot;:&quot;{ec8030f7-c20a-464f-9b0e-13a3a9e97384}&quot;,&quot;minVersion&quot;:&quot;41.0&quot;,&quot;maxVersion&quot;:&quot;41.0&quot;}],&quot;targetPlatforms&quot;:[]}
1528832717864	addons.xpi	DEBUG	getModTime: Recursive scan of {972ce4c6-7e08-4474-a285-3208198ce6fd}
1528832717865	addons.xpi	DEBUG	Updating database with changes to installed add-ons
1528832717865	addons.xpi-utils	DEBUG	Updating add-on states
1528832717866	addons.xpi-utils	DEBUG	Writing add-ons list
1528832717875	addons.manager	DEBUG	Registering shutdown blocker for XPIProvider
1528832717875	addons.manager	DEBUG	Provider finished startup: XPIProvider
1528832717875	addons.manager	DEBUG	Starting provider: LightweightThemeManager
1528832717875	addons.manager	DEBUG	Registering shutdown blocker for LightweightThemeManager
1528832717875	addons.manager	DEBUG	Provider finished startup: LightweightThemeManager
1528832717876	addons.manager	DEBUG	Starting provider: GMPProvider
1528832717880	addons.manager	DEBUG	Registering shutdown blocker for GMPProvider
1528832717880	addons.manager	DEBUG	Provider finished startup: GMPProvider
1528832717880	addons.manager	DEBUG	Starting provider: PluginProvider
1528832717880	addons.manager	DEBUG	Registering shutdown blocker for PluginProvider
1528832717880	addons.manager	DEBUG	Provider finished startup: PluginProvider
1528832717881	addons.manager	DEBUG	Completed startup sequence

Build info: version: &#039;2.53.1&#039;, revision: &#039;a36b8b1&#039;, time: &#039;2016-06-30 17:37:03&#039;
System info: host: &#039;Kaibalya&#039;, ip: &#039;192.168.100.15&#039;, os.name: &#039;Windows 8.1&#039;, os.arch: &#039;amd64&#039;, os.version: &#039;6.3&#039;, java.version: &#039;1.8.0_131&#039;
Driver info: driver.version: FirefoxDriver">
      <![CDATA[org.openqa.selenium.WebDriverException: Failed to connect to binary FirefoxBinary(C:\Program Files (x86)\Mozilla Firefox\firefox.exe) on port 7055; process output follows: 
17844	DeferredSave.extensions.json	DEBUG	Save changes
1528832717845	addons.xpi	DEBUG	Updating XPIState for {"id":"fxdriver@googlecode.com","syncGUID":"yRrfou6i81dU","location":"app-profile","version":"2.53.1","type":"extension","internalName":null,"updateURL":null,"updateKey":null,"optionsURL":null,"optionsType":null,"aboutURL":null,"iconURL":null,"icon64URL":null,"defaultLocale":{"name":"Firefox WebDriver","description":"WebDriver implementation for Firefox","creator":"Simon Stewart","homepageURL":null},"visible":true,"active":true,"userDisabled":false,"appDisabled":false,"descriptor":"C:\\Windows\\TEMP\\anonymous2347438617641381213webdriver-profile\\extensions\\fxdriver@googlecode.com","installDate":1528832681017,"updateDate":1528832681017,"applyBackgroundUpdates":1,"bootstrap":false,"size":3249525,"sourceURI":null,"releaseNotesURI":null,"softDisabled":false,"foreignInstall":true,"hasBinaryComponents":true,"strictCompatibility":false,"locales":[],"targetApplications":[{"id":"{ec8030f7-c20a-464f-9b0e-13a3a9e97384}","minVersion":"3.0","maxVersion":"48.0"}],"targetPlatforms":[{"os":"Darwin","abi":null},{"os":"SunOS","abi":null},{"os":"FreeBSD","abi":null},{"os":"OpenBSD","abi":null},{"os":"WINNT","abi":null},{"os":"Linux","abi":null}],"multiprocessCompatible":false,"signedState":0}
1528832717845	addons.xpi	DEBUG	getModTime: Recursive scan of fxdriver@googlecode.com
1528832717854	addons.xpi	DEBUG	New add-on {972ce4c6-7e08-4474-a285-3208198ce6fd} installed in app-global
1528832717862	DeferredSave.extensions.json	DEBUG	Starting timer
1528832717864	addons.xpi-utils	DEBUG	Make addon app-global:{972ce4c6-7e08-4474-a285-3208198ce6fd} visible
1528832717864	DeferredSave.extensions.json	DEBUG	Save changes
1528832717864	DeferredSave.extensions.json	DEBUG	Save changes
1528832717864	addons.xpi	DEBUG	Updating XPIState for {"id":"{972ce4c6-7e08-4474-a285-3208198ce6fd}","syncGUID":"8Idt17rkZ7J7","location":"app-global","version":"41.0","type":"theme","internalName":"classic/1.0","updateURL":null,"updateKey":null,"optionsURL":null,"optionsType":null,"aboutURL":null,"iconURL":null,"icon64URL":null,"defaultLocale":{"name":"Default","description":"The default theme.","creator":"Mozilla","homepageURL":null,"contributors":["Mozilla Contributors"]},"visible":true,"active":true,"userDisabled":false,"appDisabled":false,"descriptor":"C:\\Program Files (x86)\\Mozilla Firefox\\browser\\extensions\\{972ce4c6-7e08-4474-a285-3208198ce6fd}","installDate":1520852221814,"updateDate":1520852221814,"applyBackgroundUpdates":1,"skinnable":true,"size":22981,"sourceURI":null,"releaseNotesURI":null,"softDisabled":false,"foreignInstall":false,"hasBinaryComponents":false,"strictCompatibility":true,"locales":[],"targetApplications":[{"id":"{ec8030f7-c20a-464f-9b0e-13a3a9e97384}","minVersion":"41.0","maxVersion":"41.0"}],"targetPlatforms":[]}
1528832717864	addons.xpi	DEBUG	getModTime: Recursive scan of {972ce4c6-7e08-4474-a285-3208198ce6fd}
1528832717865	addons.xpi	DEBUG	Updating database with changes to installed add-ons
1528832717865	addons.xpi-utils	DEBUG	Updating add-on states
1528832717866	addons.xpi-utils	DEBUG	Writing add-ons list
1528832717875	addons.manager	DEBUG	Registering shutdown blocker for XPIProvider
1528832717875	addons.manager	DEBUG	Provider finished startup: XPIProvider
1528832717875	addons.manager	DEBUG	Starting provider: LightweightThemeManager
1528832717875	addons.manager	DEBUG	Registering shutdown blocker for LightweightThemeManager
1528832717875	addons.manager	DEBUG	Provider finished startup: LightweightThemeManager
1528832717876	addons.manager	DEBUG	Starting provider: GMPProvider
1528832717880	addons.manager	DEBUG	Registering shutdown blocker for GMPProvider
1528832717880	addons.manager	DEBUG	Provider finished startup: GMPProvider
1528832717880	addons.manager	DEBUG	Starting provider: PluginProvider
1528832717880	addons.manager	DEBUG	Registering shutdown blocker for PluginProvider
1528832717880	addons.manager	DEBUG	Provider finished startup: PluginProvider
1528832717881	addons.manager	DEBUG	Completed startup sequence

Build info: version: '2.53.1', revision: 'a36b8b1', time: '2016-06-30 17:37:03'
System info: host: 'Kaibalya', ip: '192.168.100.15', os.name: 'Windows 8.1', os.arch: 'amd64', os.version: '6.3', java.version: '1.8.0_131'
Driver info: driver.version: FirefoxDriver
	at org.openqa.selenium.firefox.internal.NewProfileExtensionConnection.start(NewProfileExtensionConnection.java:124)
	at org.openqa.selenium.firefox.FirefoxDriver.startClient(FirefoxDriver.java:271)
	at org.openqa.selenium.remote.RemoteWebDriver.<init>(RemoteWebDriver.java:119)
	at org.openqa.selenium.firefox.FirefoxDriver.<init>(FirefoxDriver.java:218)
	at org.openqa.selenium.firefox.FirefoxDriver.<init>(FirefoxDriver.java:211)
	at org.openqa.selenium.firefox.FirefoxDriver.<init>(FirefoxDriver.java:207)
	at org.openqa.selenium.firefox.FirefoxDriver.<init>(FirefoxDriver.java:120)
	at Jenkins.JenkinsDemo.testJenkins(JenkinsDemo.java:13)
	at sun.reflect.NativeMethodAccessorImpl.invoke0(Native Method)
	at sun.reflect.NativeMethodAccessorImpl.invoke(Unknown Source)
	at sun.reflect.DelegatingMethodAccessorImpl.invoke(Unknown Source)
	at java.lang.reflect.Method.invoke(Unknown Source)
	at org.testng.internal.MethodInvocationHelper.invokeMethod(MethodInvocationHelper.java:85)
	at org.testng.internal.Invoker.invokeMethod(Invoker.java:639)
	at org.testng.internal.Invoker.invokeTestMethod(Invoker.java:816)
	at org.testng.internal.Invoker.invokeTestMethods(Invoker.java:1124)
	at org.testng.internal.TestMethodWorker.invokeTestMethods(TestMethodWorker.java:125)
	at org.testng.internal.TestMethodWorker.run(TestMethodWorker.java:108)
	at org.testng.TestRunner.privateRun(TestRunner.java:774)
	at org.testng.TestRunner.run(TestRunner.java:624)
	at org.testng.SuiteRunner.runTest(SuiteRunner.java:359)
	at org.testng.SuiteRunner.runSequentially(SuiteRunner.java:354)
	at org.testng.SuiteRunner.privateRun(SuiteRunner.java:312)
	at org.testng.SuiteRunner.run(SuiteRunner.java:261)
	at org.testng.SuiteRunnerWorker.runSuite(SuiteRunnerWorker.java:52)
	at org.testng.SuiteRunnerWorker.run(SuiteRunnerWorker.java:86)
	at org.testng.TestNG.runSuitesSequentially(TestNG.java:1215)
	at org.testng.TestNG.runSuitesLocally(TestNG.java:1140)
	at org.testng.TestNG.run(TestNG.java:1048)
	at org.testng.TestNG.privateMain(TestNG.java:1355)
	at org.testng.TestNG.main(TestNG.java:1324)
Caused by: org.openqa.selenium.firefox.NotConnectedException: Unable to connect to host 127.0.0.1 on port 7055 after 45000 ms. Firefox console output:
17844	DeferredSave.extensions.json	DEBUG	Save changes
1528832717845	addons.xpi	DEBUG	Updating XPIState for {"id":"fxdriver@googlecode.com","syncGUID":"yRrfou6i81dU","location":"app-profile","version":"2.53.1","type":"extension","internalName":null,"updateURL":null,"updateKey":null,"optionsURL":null,"optionsType":null,"aboutURL":null,"iconURL":null,"icon64URL":null,"defaultLocale":{"name":"Firefox WebDriver","description":"WebDriver implementation for Firefox","creator":"Simon Stewart","homepageURL":null},"visible":true,"active":true,"userDisabled":false,"appDisabled":false,"descriptor":"C:\\Windows\\TEMP\\anonymous2347438617641381213webdriver-profile\\extensions\\fxdriver@googlecode.com","installDate":1528832681017,"updateDate":1528832681017,"applyBackgroundUpdates":1,"bootstrap":false,"size":3249525,"sourceURI":null,"releaseNotesURI":null,"softDisabled":false,"foreignInstall":true,"hasBinaryComponents":true,"strictCompatibility":false,"locales":[],"targetApplications":[{"id":"{ec8030f7-c20a-464f-9b0e-13a3a9e97384}","minVersion":"3.0","maxVersion":"48.0"}],"targetPlatforms":[{"os":"Darwin","abi":null},{"os":"SunOS","abi":null},{"os":"FreeBSD","abi":null},{"os":"OpenBSD","abi":null},{"os":"WINNT","abi":null},{"os":"Linux","abi":null}],"multiprocessCompatible":false,"signedState":0}
1528832717845	addons.xpi	DEBUG	getModTime: Recursive scan of fxdriver@googlecode.com
1528832717854	addons.xpi	DEBUG	New add-on {972ce4c6-7e08-4474-a285-3208198ce6fd} installed in app-global
1528832717862	DeferredSave.extensions.json	DEBUG	Starting timer
1528832717864	addons.xpi-utils	DEBUG	Make addon app-global:{972ce4c6-7e08-4474-a285-3208198ce6fd} visible
1528832717864	DeferredSave.extensions.json	DEBUG	Save changes
1528832717864	DeferredSave.extensions.json	DEBUG	Save changes
1528832717864	addons.xpi	DEBUG	Updating XPIState for {"id":"{972ce4c6-7e08-4474-a285-3208198ce6fd}","syncGUID":"8Idt17rkZ7J7","location":"app-global","version":"41.0","type":"theme","internalName":"classic/1.0","updateURL":null,"updateKey":null,"optionsURL":null,"optionsType":null,"aboutURL":null,"iconURL":null,"icon64URL":null,"defaultLocale":{"name":"Default","description":"The default theme.","creator":"Mozilla","homepageURL":null,"contributors":["Mozilla Contributors"]},"visible":true,"active":true,"userDisabled":false,"appDisabled":false,"descriptor":"C:\\Program Files (x86)\\Mozilla Firefox\\browser\\extensions\\{972ce4c6-7e08-4474-a285-3208198ce6fd}","installDate":1520852221814,"updateDate":1520852221814,"applyBackgroundUpdates":1,"skinnable":true,"size":22981,"sourceURI":null,"releaseNotesURI":null,"softDisabled":false,"foreignInstall":false,"hasBinaryComponents":false,"strictCompatibility":true,"locales":[],"targetApplications":[{"id":"{ec8030f7-c20a-464f-9b0e-13a3a9e97384}","minVersion":"41.0","maxVersion":"41.0"}],"targetPlatforms":[]}
1528832717864	addons.xpi	DEBUG	getModTime: Recursive scan of {972ce4c6-7e08-4474-a285-3208198ce6fd}
1528832717865	addons.xpi	DEBUG	Updating database with changes to installed add-ons
1528832717865	addons.xpi-utils	DEBUG	Updating add-on states
1528832717866	addons.xpi-utils	DEBUG	Writing add-ons list
1528832717875	addons.manager	DEBUG	Registering shutdown blocker for XPIProvider
1528832717875	addons.manager	DEBUG	Provider finished startup: XPIProvider
1528832717875	addons.manager	DEBUG	Starting provider: LightweightThemeManager
1528832717875	addons.manager	DEBUG	Registering shutdown blocker for LightweightThemeManager
1528832717875	addons.manager	DEBUG	Provider finished startup: LightweightThemeManager
1528832717876	addons.manager	DEBUG	Starting provider: GMPProvider
1528832717880	addons.manager	DEBUG	Registering shutdown blocker for GMPProvider
1528832717880	addons.manager	DEBUG	Provider finished startup: GMPProvider
1528832717880	addons.manager	DEBUG	Starting provider: PluginProvider
1528832717880	addons.manager	DEBUG	Registering shutdown blocker for PluginProvider
1528832717880	addons.manager	DEBUG	Provider finished startup: PluginProvider
1528832717881	addons.manager	DEBUG	Completed startup sequence

	at org.openqa.selenium.firefox.internal.NewProfileExtensionConnection.start(NewProfileExtensionConnection.java:112)
	... 30 more
]]>
    </error>
  </testcase> <!-- testJenkins -->
</testsuite> <!-- Jenkins.JenkinsDemo -->
