<?xml version="1.0" encoding="UTF-8"?>
<!-- Generated by org.testng.reporters.JUnitReportReporter -->
<testsuite hostname="Kaibalya" name="Demo.Test" tests="1" failures="0" timestamp="17 Jul 2018 06:31:35 GMT" time="0.009" errors="0">
  <testcase name="test" time="0.009" classname="Demo.Test"/>
</testsuite> <!-- Demo.Test -->
