<?xml version="1.0" encoding="UTF-8"?>
<!-- Generated by org.testng.reporters.JUnitReportReporter -->
<testsuite hostname="Kaibalya" name="com.AconstantsDemos.PrimusbankHomepage" tests="1" failures="0" timestamp="19 Sep 2017 05:31:48 GMT" time="7.751" errors="0">
  <testcase name="lunchApp" time="7.751" classname="com.AconstantsDemos.PrimusbankHomepage"/>
</testsuite> <!-- com.AconstantsDemos.PrimusbankHomepage -->
