<?xml version="1.0" encoding="UTF-8"?>
<!-- Generated by org.testng.reporters.JUnitReportReporter -->
<testsuite hostname="Kaibalya" name="Demo.TestWeb" tests="1" failures="0" timestamp="18 Jul 2018 20:23:28 GMT" time="14.545" errors="0">
  <testcase name="bankTest" time="14.545" classname="Demo.TestWeb"/>
</testsuite> <!-- Demo.TestWeb -->
