<?xml version="1.0" encoding="UTF-8"?>
<!-- Generated by org.testng.reporters.JUnitReportReporter -->
<testsuite skipped="0" hostname="DESKTOP-8OG7SD9" name="com.crm.qa.test.HomePageTest" tests="1" failures="0" timestamp="2019-12-03T00:21:55 IST" time="18.661" errors="0">
  <testcase name="verifyHomePageTitle" time="18.661" classname="com.crm.qa.test.HomePageTest"/>
</testsuite> <!-- com.crm.qa.test.HomePageTest -->
