<?xml version="1.0" encoding="UTF-8"?>
<!-- Generated by org.testng.reporters.JUnitReportReporter -->
<testsuite skipped="0" hostname="DESKTOP-8OG7SD9" name="com.crm.qa.test.LoginPageTest" tests="3" failures="0" timestamp="2019-12-02T22:21:41 IST" time="48.598" errors="0">
  <testcase name="loginPageTitleTest" time="17.260" classname="com.crm.qa.test.LoginPageTest"/>
  <testcase name="urlTest" time="15.212" classname="com.crm.qa.test.LoginPageTest"/>
  <testcase name="loginTest" time="16.126" classname="com.crm.qa.test.LoginPageTest"/>
</testsuite> <!-- com.crm.qa.test.LoginPageTest -->
