<?xml version="1.0" encoding="UTF-8"?>
<!-- Generated by org.testng.reporters.JUnitReportReporter -->
<testsuite hostname="Kaibalya" name="com.projectname.constant.PrimusbankConstant" tests="1" failures="0" timestamp="19 Sep 2017 18:04:13 GMT" time="12.106" errors="0">
  <testcase name="lunchApp" time="12.106" classname="com.projectname.constant.PrimusbankConstant"/>
</testsuite> <!-- com.projectname.constant.PrimusbankConstant -->
