<?xml version="1.0" encoding="UTF-8"?>
<!-- Generated by org.testng.reporters.JUnitReportReporter -->
<testsuite hostname="DESKTOP-8OG7SD9" name="com.primusbank.testcase.VarifyLogin2_parameterize" tests="1" failures="0" timestamp="10 Aug 2019 16:53:53 GMT" time="8.913" errors="0">
  <testcase name="validate" time="8.913" classname="com.primusbank.testcase.VarifyLogin2_parameterize"/>
</testsuite> <!-- com.primusbank.testcase.VarifyLogin2_parameterize -->
