<?xml version="1.0" encoding="UTF-8"?>
<!-- Generated by org.testng.reporters.JUnitReportReporter -->
<testsuite hostname="DESKTOP-8OG7SD9" name="com.primusbank.testcase.VarifyLogin" tests="1" failures="0" timestamp="10 Aug 2019 16:46:59 GMT" time="38.297" errors="0">
  <testcase name="validate" time="38.297" classname="com.primusbank.testcase.VarifyLogin"/>
</testsuite> <!-- com.primusbank.testcase.VarifyLogin -->
