<?xml version="1.0" encoding="UTF-8"?>
<!-- Generated by org.testng.reporters.JUnitReportReporter -->
<testsuite skipped="0" hostname="DESKTOP-O0KLTCN" name="test.NewTest" tests="1" failures="0" timestamp="26 May 2020 13:15:36 GMT" time="33.062" errors="0">
  <testcase name="first" time="33.062" classname="test.NewTest"/>
</testsuite> <!-- test.NewTest -->
