<?xml version="1.0" encoding="UTF-8"?>
<!-- Generated by org.testng.reporters.JUnitReportReporter -->
<testsuite hostname="DESKTOP-8OG7SD9" name="com.primusbank.testcase.VarifyLogin" tests="1" failures="0" timestamp="10 Aug 2019 17:01:02 GMT" time="12.773" errors="0">
  <testcase name="validate" time="12.773" classname="com.primusbank.testcase.VarifyLogin"/>
</testsuite> <!-- com.primusbank.testcase.VarifyLogin -->
