<?xml version="1.0" encoding="UTF-8"?>
<!-- Generated by org.testng.reporters.JUnitReportReporter -->
<testsuite hostname="DESKTOP-8OG7SD9" name="com.primusbank.testcase.WithPF_Varify" tests="1" failures="0" timestamp="11 Aug 2019 07:29:52 GMT" time="31.356" errors="0">
  <testcase name="validate" time="31.356" classname="com.primusbank.testcase.WithPF_Varify"/>
</testsuite> <!-- com.primusbank.testcase.WithPF_Varify -->
