<?xml version="1.0" encoding="UTF-8"?>
<!-- Generated by org.testng.reporters.JUnitReportReporter -->
<testsuite skipped="0" hostname="DESKTOP-O0KLTCN" name="Script_Jar.Script_job" tests="1" failures="0" timestamp="22 Jun 2020 11:58:28 GMT" time="36.209" errors="0">
  <testcase name="invokeBrowser" time="36.209" classname="Script_Jar.Script_job"/>
</testsuite> <!-- Script_Jar.Script_job -->
