<?xml version="1.0" encoding="UTF-8"?>
<!-- Generated by org.testng.reporters.JUnitReportReporter -->
<testsuite hostname="Kaibalya" name="DriverFactory.AppTest" tests="1" failures="0" timestamp="1 Aug 2018 18:47:50 GMT" time="0.924" errors="0">
  <testcase name="kickStart" time="0.924" classname="DriverFactory.AppTest"/>
</testsuite> <!-- DriverFactory.AppTest -->
