<?xml version="1.0" encoding="UTF-8"?>
<!-- Generated by org.testng.reporters.JUnitReportReporter -->
<testsuite hostname="DESKTOP-O0KLTCN" name="FileInputStream.ReadWriteExcel" tests="1" failures="0" timestamp="19 May 2020 16:22:05 GMT" time="1.436" errors="0">
  <testcase name="writeXlsxExtension" time="1.436" classname="FileInputStream.ReadWriteExcel"/>
</testsuite> <!-- FileInputStream.ReadWriteExcel -->
