<?xml version="1.0" encoding="UTF-8"?>
<!-- Generated by org.testng.reporters.JUnitReportReporter -->
<testsuite hostname="kaibalya" name="com.programme.AssertEquals" tests="1" failures="0" timestamp="21 Jul 2017 20:22:53 GMT" time="15.841" errors="0">
  <testcase name="test1" time="15.841" classname="com.programme.AssertEquals"/>
</testsuite> <!-- com.programme.AssertEquals -->
