<?xml version="1.0" encoding="UTF-8"?>
<!-- Generated by org.testng.reporters.JUnitReportReporter -->
<testsuite hostname="kaibalya" name="com.programme.DemoTest" tests="2" failures="0" timestamp="21 Jul 2017 20:03:01 GMT" time="0.018" errors="0">
  <testcase name="receivemail" time="0.003" classname="com.programme.DemoTest"/>
  <testcase name="sendmail" time="0.015" classname="com.programme.DemoTest"/>
</testsuite> <!-- com.programme.DemoTest -->
