<?xml version="1.0" encoding="UTF-8"?>
<!-- Generated by org.testng.reporters.JUnitReportReporter -->
<testsuite hostname="kaibalya" name="com.programme.DemoTestNgTest" tests="2" failures="0" timestamp="20 Jul 2017 19:39:04 GMT" time="0.028" errors="0">
  <testcase name="sendMail" time="0.025" classname="com.programme.DemoTestNgTest"/>
  <testcase name="receiveMail" time="0.003" classname="com.programme.DemoTestNgTest"/>
</testsuite> <!-- com.programme.DemoTestNgTest -->
