<?xml version="1.0" encoding="UTF-8"?>
<!-- Generated by org.testng.reporters.JUnitReportReporter -->
<testsuite skipped="0" hostname="DESKTOP-8OG7SD9" name="com.programme.String_Paste" tests="1" failures="0" timestamp="2019-12-27T20:46:48 IST" time="0.023" errors="0">
  <testcase name="printStringName" time="0.023" classname="com.programme.String_Paste"/>
</testsuite> <!-- com.programme.String_Paste -->
