<?xml version="1.0" encoding="UTF-8"?>
<!-- Generated by org.testng.reporters.JUnitReportReporter -->
<testsuite skipped="0" hostname="Kaibalya" name="AgainDDF.Orangehrm" tests="3" failures="0" timestamp="30 Apr 2018 06:54:30 GMT" time="52.625" errors="0">
  <testcase name="orangehrm" time="17.743" classname="AgainDDF.Orangehrm"/>
  <testcase name="orangehrm" time="17.516" classname="AgainDDF.Orangehrm"/>
  <testcase name="orangehrm" time="17.366" classname="AgainDDF.Orangehrm"/>
</testsuite> <!-- AgainDDF.Orangehrm -->
