<?xml version="1.0" encoding="UTF-8"?>
<!-- Generated by org.testng.reporters.JUnitReportReporter -->
<testsuite skipped="0" hostname="Kaibalya" name="AgainDDF.PrimusBank" tests="3" failures="0" timestamp="28 Apr 2018 07:17:54 GMT" time="58.100" errors="0">
  <testcase name="primusBankLogin" time="20.690" classname="AgainDDF.PrimusBank"/>
  <testcase name="primusBankLogin" time="20.478" classname="AgainDDF.PrimusBank"/>
  <testcase name="primusBankLogin" time="16.932" classname="AgainDDF.PrimusBank"/>
</testsuite> <!-- AgainDDF.PrimusBank -->
