<?xml version="1.0" encoding="UTF-8"?>
<!-- Generated by org.testng.reporters.JUnitReportReporter -->
<testsuite skipped="0" hostname="Kaibalya" name="AgainDDF.ExcelDDF" tests="1" failures="0" timestamp="09 May 2018 18:22:45 GMT" time="15.551" errors="0">
  <testcase name="readExcel" time="15.551" classname="AgainDDF.ExcelDDF"/>
</testsuite> <!-- AgainDDF.ExcelDDF -->
