<?xml version="1.0" encoding="UTF-8"?>
<!-- Generated by org.testng.reporters.JUnitReportReporter -->
<testsuite skipped="1" hostname="Kaibalya" name="DDF.ExcelProvider2" tests="1" failures="0" timestamp="05 Jun 2018 19:58:41 GMT" time="0.000" errors="0">
  <testcase name="loginpbank" time="0.000" classname="DDF.ExcelProvider2">
    <skipped/>
  </testcase> <!-- loginpbank -->
</testsuite> <!-- DDF.ExcelProvider2 -->
