<?xml version="1.0" encoding="UTF-8"?>
<!-- Generated by org.testng.reporters.JUnitReportReporter -->
<testsuite skipped="0" hostname="Kaibalya" name="DDF.ReadExcel" tests="1" failures="0" timestamp="27 Apr 2018 09:18:46 GMT" time="0.699" errors="0">
  <testcase name="dataRun" time="0.699" classname="DDF.ReadExcel"/>
</testsuite> <!-- DDF.ReadExcel -->
