<?xml version="1.0" encoding="UTF-8"?>
<!-- Generated by org.testng.reporters.JUnitReportReporter -->
<testsuite hostname="Kaibalya" name="TestNg.Assert" tests="1" failures="0" timestamp="18 Feb 2018 15:43:11 GMT" time="0.015" errors="0">
  <testcase name="ValidateTitles" time="0.015" classname="TestNg.Assert"/>
</testsuite> <!-- TestNg.Assert -->
