<?xml version="1.0" encoding="UTF-8"?>
<!-- Generated by org.testng.reporters.JUnitReportReporter -->
<testsuite hostname="Kaibalya" name="TestNg.ValidateTitle" tests="1" failures="0" timestamp="18 Feb 2018 17:25:40 GMT" time="65.836" errors="0">
  <testcase name="validate" time="65.836" classname="TestNg.ValidateTitle"/>
</testsuite> <!-- TestNg.ValidateTitle -->
