<?xml version="1.0" encoding="UTF-8"?>
<!-- Generated by org.testng.reporters.JUnitReportReporter -->
<testsuite skipped="0" hostname="DESKTOP-8OG7SD9" name="com.programme.Task_Window_Handle_again" tests="1" failures="0" timestamp="2019-12-04T23:52:29 IST" time="22.740" errors="0">
  <testcase name="Window_Handle" time="22.740" classname="com.programme.Task_Window_Handle_again"/>
</testsuite> <!-- com.programme.Task_Window_Handle_again -->
