<?xml version="1.0" encoding="UTF-8"?>
<!-- Generated by org.testng.reporters.JUnitReportReporter -->
<testsuite hostname="Kaibalya" name="com.testNGconstants.PrimusbankConstants" tests="2" failures="0" timestamp="19 Sep 2017 18:06:02 GMT" time="9.019" errors="0">
  <testcase name="lunchApp" time="5.988" classname="com.testNGconstants.PrimusbankConstants"/>
  <testcase name="closeApp" time="3.031" classname="com.testNGconstants.PrimusbankConstants"/>
</testsuite> <!-- com.testNGconstants.PrimusbankConstants -->
