<?xml version="1.0" encoding="UTF-8"?>
<!-- Generated by org.testng.reporters.JUnitReportReporter -->
<testsuite skipped="0" hostname="DESKTOP-O0KLTCN" name="WindowsApplications.Notepad" tests="1" failures="0" timestamp="29 May 2020 09:59:06 GMT" time="23.255" errors="0">
  <testcase name="Desktop_Notepad" time="23.255" classname="WindowsApplications.Notepad"/>
</testsuite> <!-- WindowsApplications.Notepad -->
