<?xml version="1.0" encoding="UTF-8"?>
<!-- Generated by org.testng.reporters.JUnitReportReporter -->
<testsuite skipped="0" hostname="Kaibalya" name="Dependancies.For_jar.Test_Recorder" tests="1" failures="0" timestamp="05 Jan 2019 00:38:38 GMT" time="24.828" errors="0">
  <testcase name="testing" time="24.828" classname="Dependancies.For_jar.Test_Recorder"/>
</testsuite> <!-- Dependancies.For_jar.Test_Recorder -->
