<?xml version="1.0" encoding="UTF-8"?>
<!-- Generated by org.testng.reporters.JUnitReportReporter -->
<testsuite hostname="Kaibalya" name="DriverFactory.AppTest" tests="1" failures="0" timestamp="12 Mar 2018 12:51:06 GMT" time="19.117" errors="0">
  <testcase name="kickStart" time="19.117" classname="DriverFactory.AppTest"/>
</testsuite> <!-- DriverFactory.AppTest -->
