<?xml version="1.0" encoding="UTF-8"?>
<!-- Generated by org.testng.reporters.JUnitReportReporter -->
<testsuite hostname="DESKTOP-O0KLTCN" name="com.extentreport.ExtentReport_Demo" tests="1" failures="0" timestamp="24 Apr 2020 15:53:40 GMT" time="0.736" errors="0">
  <testcase name="test_report" time="0.736" classname="com.extentreport.ExtentReport_Demo"/>
</testsuite> <!-- com.extentreport.ExtentReport_Demo -->
