<?xml version="1.0" encoding="UTF-8"?>
<!-- Generated by org.testng.reporters.JUnitReportReporter -->
<testsuite hostname="Kaibalya" name="m18012018.VarificationTable" tests="1" failures="0" timestamp="21 Jul 2018 06:28:01 GMT" time="17.275" errors="0">
  <testcase name="varification" time="17.275" classname="m18012018.VarificationTable"/>
</testsuite> <!-- m18012018.VarificationTable -->
