<?xml version="1.0" encoding="UTF-8"?>
<!-- Generated by org.testng.reporters.JUnitReportReporter -->
<testsuite hostname="Kaibalya" name="m18012018.MultipleWindows" tests="1" failures="0" timestamp="21 Jul 2018 07:22:35 GMT" time="22.228" errors="0">
  <testcase name="windows" time="22.228" classname="m18012018.MultipleWindows"/>
</testsuite> <!-- m18012018.MultipleWindows -->
