<?xml version="1.0" encoding="UTF-8"?>
<!-- Generated by org.testng.reporters.JUnitReportReporter -->
<testsuite hostname="Kaibalya" name="m18012018.ExcelDataretrive" tests="1" failures="0" timestamp="21 Jul 2018 06:50:23 GMT" time="0.539" errors="0">
  <testcase name="excelData" time="0.539" classname="m18012018.ExcelDataretrive"/>
</testsuite> <!-- m18012018.ExcelDataretrive -->
