<?xml version="1.0" encoding="UTF-8"?>
<!-- Generated by org.testng.reporters.JUnitReportReporter -->
<testsuite skipped="0" hostname="Kaibalya" name="Test_Jenkins.Integrate" tests="1" failures="0" timestamp="13 Mar 2019 06:50:03 GMT" time="39.820" errors="0">
  <testcase name="run_Test" time="39.820" classname="Test_Jenkins.Integrate"/>
</testsuite> <!-- Test_Jenkins.Integrate -->
